warning: Git tree '/home/merle/.config' is dirty
evaluation warning: 'system' has been renamed to/replaced by 'stdenv.hostPlatform.system'
these 4 derivations will be built:
  /nix/store/z5af94xf7078qmb9b2fwz4zv2dvy6zm5-council.drv
  /nix/store/j9x3ihf8925lfhpqfhdd2iihl7hw6d25-home-manager-path.drv
  /nix/store/favw0x0605j0yg9dw2r64252swsd5ns0-activation-script.drv
  /nix/store/q3nggg71nbh7hb0l02wpn8fkfd53zd07-home-manager-generation.drv
building '/nix/store/z5af94xf7078qmb9b2fwz4zv2dvy6zm5-council.drv'...
building '/nix/store/j9x3ihf8925lfhpqfhdd2iihl7hw6d25-home-manager-path.drv'...
building '/nix/store/favw0x0605j0yg9dw2r64252swsd5ns0-activation-script.drv'...
building '/nix/store/q3nggg71nbh7hb0l02wpn8fkfd53zd07-home-manager-generation.drv'...
Starting Home Manager activation
Activating checkFilesChanged
Activating checkLinkTargets
Activating writeBoundary
Activating installPackages
replacing old 'home-manager-path'
installing 'home-manager-path'
building '/nix/store/2ybkf3zjzzysislx46z5ffh3911qbkk8-user-environment.drv'...
Activating dconfSettings
Activating linkGeneration
Cleaning up orphan links from /home/merle
Creating home file links in /home/merle
Activating onFilesChange
Activating reloadSystemd
warning: Git tree '/home/merle/.config' is dirty

There are 318 unread and relevant news items.
Read them by running the command "home-manager news".

